test002_invalid INFO : Verifying with Invalid Credentials 2021-07-16 23:11:11,691
test002_invalid INFO : Verification with Invalid Credentials is pass 2021-07-16 23:11:13,595
test002_invalid INFO : Verifying with Invalid Credentials 2021-07-16 23:11:13,638
test002_invalid INFO : Verification with Invalid Credentials is pass 2021-07-16 23:11:14,432
test002_invalid INFO : Verifying with Invalid Credentials 2021-07-16 23:11:14,448
test002_invalid INFO : Verification with Invalid Credentials is pass 2021-07-16 23:11:16,255
test001_validlogin INFO : Verifying with Valid Credentials 2021-07-20 12:36:41,329
test001_validlogin INFO : Verification with Valid Credentials is pass 2021-07-20 12:36:48,103
test002_invalidlogin INFO : Verifying with Invalid Credentials 2021-07-20 12:37:32,970
test002_invalidlogin INFO : Verification with Invalid Credentials is pass 2021-07-20 12:37:35,184
test002_invalidlogin INFO : Verifying with Invalid Credentials 2021-07-20 12:37:35,226
test002_invalidlogin INFO : Verification with Invalid Credentials is pass 2021-07-20 12:37:37,416
test002_invalidlogin INFO : Verifying with Invalid Credentials 2021-07-20 12:37:37,433
test002_invalidlogin INFO : Verification with Invalid Credentials is pass 2021-07-20 12:37:38,255
test001_validRegister INFO : Login with valid credentials 2021-07-20 12:46:15,265
login INFO : Verifying with Valid Credentials 2021-07-20 12:46:15,274
login INFO : Verification with Valid Credentials is pass 2021-07-20 12:46:22,650
test001_validRegister INFO : Login with valid credentials 2021-07-20 12:49:16,310
login INFO : Verifying with Valid Credentials 2021-07-20 12:49:16,319
login INFO : Verification with Valid Credentials is pass 2021-07-20 12:49:23,954
test001_validRegister INFO : Login with valid credentials 2021-07-20 13:07:07,375
login INFO : Verifying with Valid Credentials 2021-07-20 13:07:07,386
login INFO : Verification with Valid Credentials is pass 2021-07-20 13:07:13,806
test001_validRegister INFO : Login with valid credentials 2021-07-20 13:08:18,678
login INFO : Verifying with Valid Credentials 2021-07-20 13:08:18,689
login INFO : Verification with Valid Credentials is pass 2021-07-20 13:08:25,286
test001_validRegister INFO : Login with valid credentials 2021-07-20 13:15:15,538
login INFO : Verifying with Valid Credentials 2021-07-20 13:15:15,548
login INFO : Verification with Valid Credentials is pass 2021-07-20 13:15:22,132
test001_validRegister INFO : Login with valid credentials 2021-07-20 13:21:06,104
login INFO : Verifying with Valid Credentials 2021-07-20 13:21:06,114
login INFO : Verification with Valid Credentials is pass 2021-07-20 13:21:13,751
test001_validRegister INFO : Login with valid credentials 2021-07-20 13:23:30,311
login INFO : Verifying with Valid Credentials 2021-07-20 13:23:30,326
login INFO : Verification with Valid Credentials is pass 2021-07-20 13:23:38,070
test001_validRegister INFO : Login with valid credentials 2021-07-20 13:29:55,819
test001_validRegister INFO : Login with valid credentials 2021-07-20 13:31:31,375
test001_validRegister INFO : Login with valid credentials 2021-07-20 13:31:56,560
login INFO : Verifying with Valid Credentials 2021-07-20 13:31:56,571
login INFO : Verification with Valid Credentials is pass 2021-07-20 13:32:03,810
test001_validRegister INFO : Login with valid credentials 2021-07-20 13:33:35,250
login INFO : Verifying with Valid Credentials 2021-07-20 13:33:35,260
login INFO : Verification with Valid Credentials is pass 2021-07-20 13:33:40,681
test001_validRegister INFO : Login with valid credentials 2021-07-20 13:40:51,722
login INFO : Verifying with Valid Credentials 2021-07-20 13:40:51,739
login INFO : Verification with Valid Credentials is pass 2021-07-20 13:40:57,200
test001_validRegister INFO : Login with valid credentials 2021-07-20 13:41:51,143
login INFO : Verifying with Valid Credentials 2021-07-20 13:41:51,154
login INFO : Verification with Valid Credentials is pass 2021-07-20 13:41:58,510
test001_validRegister INFO : Login with valid credentials 2021-07-20 13:43:50,473
login INFO : Verifying with Valid Credentials 2021-07-20 13:43:50,482
login INFO : Verification with Valid Credentials is pass 2021-07-20 13:43:53,889
test001_validRegister INFO : Login with valid credentials 2021-07-20 13:48:05,386
login INFO : Verifying with Valid Credentials 2021-07-20 13:48:05,396
login INFO : Verification with Valid Credentials is pass 2021-07-20 13:48:13,419
test001_validRegister INFO : Login with valid credentials 2021-07-20 13:51:39,371
login INFO : Verifying with Valid Credentials 2021-07-20 13:51:39,384
login INFO : Verification with Valid Credentials is pass 2021-07-20 13:51:46,912
test001_validRegister INFO : Login with valid credentials 2021-07-20 13:53:01,588
login INFO : Verifying with Valid Credentials 2021-07-20 13:53:01,603
login INFO : Verification with Valid Credentials is pass 2021-07-20 13:53:08,359
test001_validRegister INFO : Login with valid credentials 2021-07-20 13:58:19,056
login INFO : Verifying with Valid Credentials 2021-07-20 13:58:19,066
login INFO : Verification with Valid Credentials is pass 2021-07-20 13:58:26,628
test001_validRegister INFO : Login with valid credentials 2021-07-20 15:12:16,693
login INFO : Verifying with Valid Credentials 2021-07-20 15:12:16,706
login INFO : Verification with Valid Credentials is pass 2021-07-20 15:12:25,831
test001_validRegister INFO : Login with valid credentials 2021-07-20 15:28:31,456
login INFO : Verifying with Valid Credentials 2021-07-20 15:28:31,483
login INFO : Verification with Valid Credentials is pass 2021-07-20 15:28:39,430
test001_validRegister INFO : Login with valid credentials 2021-07-20 15:29:28,518
login INFO : Verifying with Valid Credentials 2021-07-20 15:29:28,530
login INFO : Verification with Valid Credentials is pass 2021-07-20 15:29:35,709
test001_validRegister INFO : Login with valid credentials 2021-07-20 15:37:12,228
login INFO : Verifying with Valid Credentials 2021-07-20 15:37:12,238
login INFO : Verification with Valid Credentials is pass 2021-07-20 15:37:23,024
test001_validRegister INFO : Login with valid credentials 2021-07-20 15:39:18,038
login INFO : Verifying with Valid Credentials 2021-07-20 15:39:18,052
login INFO : Verification with Valid Credentials is pass 2021-07-20 15:39:25,846
test001_validRegister INFO : Login with valid credentials 2021-07-20 15:41:13,401
login INFO : Verifying with Valid Credentials 2021-07-20 15:41:13,415
login INFO : Verification with Valid Credentials is pass 2021-07-20 15:41:20,629
test001_validRegister INFO : Login with valid credentials 2021-07-20 15:44:12,317
login INFO : Verifying with Valid Credentials 2021-07-20 15:44:12,330
login INFO : Verification with Valid Credentials is pass 2021-07-20 15:44:19,689
test001_validRegister INFO : Login with valid credentials 2021-07-20 15:51:28,247
login INFO : Verifying with Valid Credentials 2021-07-20 15:51:28,258
login INFO : Verification with Valid Credentials is pass 2021-07-20 15:51:35,873
test001_validRegister INFO : Login with valid credentials 2021-07-20 16:16:56,682
login INFO : Verifying with Valid Credentials 2021-07-20 16:16:56,693
login INFO : Verification with Valid Credentials is pass 2021-07-20 16:17:04,908
test001_validRegister INFO : Login with valid credentials 2021-07-20 16:17:48,473
login INFO : Verifying with Valid Credentials 2021-07-20 16:17:48,484
login INFO : Verification with Valid Credentials is pass 2021-07-20 16:17:56,368
test001_validRegister INFO : Login with valid credentials 2021-07-20 16:21:07,058
login INFO : Verifying with Valid Credentials 2021-07-20 16:21:07,071
login INFO : Verification with Valid Credentials is pass 2021-07-20 16:21:15,445
test001_validRegister INFO : Login with valid credentials 2021-07-20 16:22:54,027
login INFO : Verifying with Valid Credentials 2021-07-20 16:22:54,037
login INFO : Verification with Valid Credentials is pass 2021-07-20 16:23:01,550
test001_validRegister INFO : Login with valid credentials 2021-07-20 16:25:50,507
login INFO : Verifying with Valid Credentials 2021-07-20 16:25:50,519
login INFO : Verification with Valid Credentials is pass 2021-07-20 16:25:58,136
test001_validRegister INFO : Login with valid credentials 2021-07-20 16:29:01,457
login INFO : Verifying with Valid Credentials 2021-07-20 16:29:01,469
login INFO : Verification with Valid Credentials is pass 2021-07-20 16:29:08,818
test001_validRegister INFO : Login with valid credentials 2021-07-20 16:34:13,951
login INFO : Verifying with Valid Credentials 2021-07-20 16:34:13,962
login INFO : Verification with Valid Credentials is pass 2021-07-20 16:34:22,119
test001_validRegister INFO : Login with valid credentials 2021-07-20 16:38:36,225
login INFO : Verifying with Valid Credentials 2021-07-20 16:38:36,235
login INFO : Verification with Valid Credentials is pass 2021-07-20 16:38:42,642
test001_validRegister INFO : Login with valid credentials 2021-07-20 16:41:17,290
login INFO : Verifying with Valid Credentials 2021-07-20 16:41:17,303
login INFO : Verification with Valid Credentials is pass 2021-07-20 16:41:22,183
test001_validRegister INFO : Login with valid credentials 2021-07-20 16:43:28,608
login INFO : Verifying with Valid Credentials 2021-07-20 16:43:28,623
login INFO : Verification with Valid Credentials is pass 2021-07-20 16:43:35,882
test001_validRegister INFO : Login with valid credentials 2021-07-20 16:45:49,603
login INFO : Verifying with Valid Credentials 2021-07-20 16:45:49,616
login INFO : Verification with Valid Credentials is pass 2021-07-20 16:45:57,094
test001_validRegister INFO : Login with valid credentials 2021-07-20 16:48:53,708
login INFO : Verifying with Valid Credentials 2021-07-20 16:48:53,718
login INFO : Verification with Valid Credentials is pass 2021-07-20 16:49:01,116
test001_validRegister INFO : Login with valid credentials 2021-07-20 16:50:49,983
login INFO : Verifying with Valid Credentials 2021-07-20 16:50:49,992
login INFO : Verification with Valid Credentials is pass 2021-07-20 16:50:56,673
test001_validRegister INFO : Login with valid credentials 2021-07-20 16:58:09,035
login INFO : Verifying with Valid Credentials 2021-07-20 16:58:09,058
login INFO : Verification with Valid Credentials is pass 2021-07-20 16:58:14,873
test001_validRegister INFO : Login with valid credentials 2021-07-20 17:00:15,688
login INFO : Verifying with Valid Credentials 2021-07-20 17:00:15,698
login INFO : Verification with Valid Credentials is pass 2021-07-20 17:00:22,297
test001_validRegister INFO : Login with valid credentials 2021-07-20 17:13:48,088
login INFO : Verifying with Valid Credentials 2021-07-20 17:13:48,099
login INFO : Verification with Valid Credentials is pass 2021-07-20 17:13:54,018
test001_validRegister INFO : Login with valid credentials 2021-07-21 19:37:13,408
login INFO : Verifying with Valid Credentials 2021-07-21 19:37:13,450
login INFO : Verification with Valid Credentials is pass 2021-07-21 19:37:22,868
